<?xml version="1.0" encoding="UTF-8"?>
<!-- Generated by org.testng.reporters.JUnitReportReporter -->
<testsuite hostname="XLH-20160517" name="test.apptest.HelloWorld2" tests="1" failures="0" timestamp="30 Nov 2016 01:53:31 GMT" time="0.001" errors="0">
  <testcase name="f" time="0.001" classname="test.apptest.HelloWorld2"/>
</testsuite> <!-- test.apptest.HelloWorld2 -->
