<?xml version="1.0" encoding="UTF-8"?>
<!-- Generated by org.testng.reporters.JUnitReportReporter -->
<testsuite hostname="XLH-20160517" name="test.apptest.AppFundWallet" tests="1" failures="0" timestamp="2 Dec 2016 07:02:48 GMT" time="20.981" errors="0">
  <testcase name="Wallet" time="20.981" classname="test.apptest.AppFundWallet"/>
</testsuite> <!-- test.apptest.AppFundWallet -->
