<?xml version="1.0" encoding="UTF-8"?>
<!-- Generated by org.testng.reporters.JUnitReportReporter -->
<testsuite hostname="XLH-20160517" name="test.utils.TakeScreen" tests="1" failures="0" timestamp="18 Apr 2017 05:46:51 GMT" time="5.377" errors="0">
  <testcase name="test" time="5.377" classname="test.utils.TakeScreen"/>
</testsuite> <!-- test.utils.TakeScreen -->
